#
# There is insufficient memory for the Java Runtime Environment to continue.
# Native memory allocation (malloc) failed to allocate 1048576 bytes for AllocateHeap
# Possible reasons:
#   The system is out of physical RAM or swap space
#   In 32 bit mode, the process size limit was hit
# Possible solutions:
#   Reduce memory load on the system
#   Increase physical memory or swap space
#   Check if swap backing store is full
#   Use 64 bit Java on a 64 bit OS
#   Decrease Java heap size (-Xmx/-Xms)
#   Decrease number of Java threads
#   Decrease Java thread stack sizes (-Xss)
#   Set larger code cache with -XX:ReservedCodeCacheSize=
# This output file may be truncated or incomplete.
#
#  Out of Memory Error (memory/allocation.inline.hpp:61), pid=9148, tid=0x000000000000250c
#
# JRE version:  (8.0_111-b14) (build )
# Java VM: Java HotSpot(TM) 64-Bit Server VM (25.111-b14 mixed mode windows-amd64 compressed oops)
# Failed to write core dump. Minidumps are not enabled by default on client versions of Windows
#

---------------  T H R E A D  ---------------

Current thread (0x0000000002441000):  JavaThread "Unknown thread" [_thread_in_vm, id=9484, stack(0x0000000002290000,0x0000000002390000)]

Stack: [0x0000000002290000,0x0000000002390000]
[error occurred during error reporting (printing stack bounds), id 0xc0000005]

Native frames: (J=compiled Java code, j=interpreted, Vv=VM code, C=native code)


---------------  P R O C E S S  ---------------

Java Threads: ( => current thread )

Other Threads:

=>0x0000000002441000 (exited) JavaThread "Unknown thread" [_thread_in_vm, id=9484, stack(0x0000000002290000,0x0000000002390000)]

VM state:not at safepoint (normal execution)

VM Mutex/Monitor currently owned by a thread: None

Heap:
 PSYoungGen      total 33280K, used 573K [0x00000000dad80000, 0x00000000dd280000, 0x0000000100000000)
  eden space 28672K, 2% used [0x00000000dad80000,0x00000000dae0f5d0,0x00000000dc980000)
  from space 4608K, 0% used [0x00000000dce00000,0x00000000dce00000,0x00000000dd280000)
  to   space 4608K, 0% used [0x00000000dc980000,0x00000000dc980000,0x00000000dce00000)
 ParOldGen       total 76800K, used 0K [0x0000000090800000, 0x0000000095300000, 0x00000000dad80000)
  object space 76800K, 0% used [0x0000000090800000,0x0000000090800000,0x0000000095300000)
 Metaspace       used 770K, capacity 4480K, committed 4480K, reserved 1056768K
  class space    used 75K, capacity 384K, committed 384K, reserved 1048576K

Card table byte_map: [0x0000000011900000,0x0000000011c80000] byte_map_base: 0x000000001147c000

Marking Bits: (ParMarkBitMap*) 0x00000000646fa6c0
 Begin Bits: [0x00000000122e0000, 0x0000000013ec0000)
 End Bits:   [0x0000000013ec0000, 0x0000000015aa0000)

Polling page: 0x0000000000c10000

CodeCache: size=245760Kb used=327Kb max_used=327Kb free=245432Kb
 bounds [0x0000000002540000, 0x00000000027b0000, 0x0000000011540000]
 total_blobs=57 nmethods=0 adapters=38
 compilation: enabled

Compilation events (0 events):
No events

GC Heap History (0 events):
No events

Deoptimization events (0 events):
No events

Internal exceptions (0 events):
No events

Events (10 events):
Event: 0.110 loading class java/lang/Short
Event: 0.110 loading class java/lang/Short done
Event: 0.110 loading class java/lang/Integer
Event: 0.111 loading class java/lang/Integer done
Event: 0.111 loading class java/lang/Long
Event: 0.112 loading class java/lang/Long done
Event: 0.116 loading class java/lang/NullPointerException
Event: 0.116 loading class java/lang/NullPointerException done
Event: 0.116 loading class java/lang/ArithmeticException
Event: 0.116 loading class java/lang/ArithmeticException done


Dynamic libraries:
0x00007ff7ab180000 - 0x00007ff7ab1b7000 	C:\Program Files\Java\jdk1.8.0_111\bin\java.exe
0x00007ffaf2500000 - 0x00007ffaf26f0000 	C:\WINDOWS\SYSTEM32\ntdll.dll
0x00007ffadaa90000 - 0x00007ffadaaa3000 	C:\Program Files\AVAST Software\Avast\aswhook.dll
0x00007ffaf1a70000 - 0x00007ffaf1b22000 	C:\WINDOWS\System32\KERNEL32.DLL
0x00007ffaeff80000 - 0x00007ffaf0223000 	C:\WINDOWS\System32\KERNELBASE.dll
0x00007ffaf2280000 - 0x00007ffaf2323000 	C:\WINDOWS\System32\ADVAPI32.dll
0x00007ffaf0b10000 - 0x00007ffaf0bae000 	C:\WINDOWS\System32\msvcrt.dll
0x00007ffaf1570000 - 0x00007ffaf1607000 	C:\WINDOWS\System32\sechost.dll
0x00007ffaf11c0000 - 0x00007ffaf12e0000 	C:\WINDOWS\System32\RPCRT4.dll
0x00007ffaf0bb0000 - 0x00007ffaf0d44000 	C:\WINDOWS\System32\USER32.dll
0x00007ffaf0480000 - 0x00007ffaf04a1000 	C:\WINDOWS\System32\win32u.dll
0x00007ffaf12e0000 - 0x00007ffaf1306000 	C:\WINDOWS\System32\GDI32.dll
0x00007ffaf0230000 - 0x00007ffaf03c4000 	C:\WINDOWS\System32\gdi32full.dll
0x00007ffaef680000 - 0x00007ffaef71e000 	C:\WINDOWS\System32\msvcp_win.dll
0x00007ffaf04b0000 - 0x00007ffaf05aa000 	C:\WINDOWS\System32\ucrtbase.dll
0x00007ffadb9e0000 - 0x00007ffadbc65000 	C:\WINDOWS\WinSxS\amd64_microsoft.windows.common-controls_6595b64144ccf1df_6.0.18362.778_none_e6c6b761130d4fb8\COMCTL32.dll
0x00007ffaf05b0000 - 0x00007ffaf08e6000 	C:\WINDOWS\System32\combase.dll
0x00007ffaef5e0000 - 0x00007ffaef660000 	C:\WINDOWS\System32\bcryptPrimitives.dll
0x00007ffaf1a40000 - 0x00007ffaf1a6e000 	C:\WINDOWS\System32\IMM32.DLL
0x0000000063e00000 - 0x0000000063ed2000 	C:\Program Files\Java\jdk1.8.0_111\jre\bin\msvcr100.dll
0x0000000063ee0000 - 0x000000006477a000 	C:\Program Files\Java\jdk1.8.0_111\jre\bin\server\jvm.dll
0x00007ffaf0a30000 - 0x00007ffaf0a38000 	C:\WINDOWS\System32\PSAPI.DLL
0x00007ffae1930000 - 0x00007ffae1939000 	C:\WINDOWS\SYSTEM32\WSOCK32.dll
0x00007ffaf1770000 - 0x00007ffaf17df000 	C:\WINDOWS\System32\WS2_32.dll
0x00007ffaec640000 - 0x00007ffaec664000 	C:\WINDOWS\SYSTEM32\WINMM.dll
0x00007ffae8ef0000 - 0x00007ffae8efa000 	C:\WINDOWS\SYSTEM32\VERSION.dll
0x00007ffaec610000 - 0x00007ffaec63d000 	C:\WINDOWS\SYSTEM32\WINMMBASE.dll
0x00007ffaf0430000 - 0x00007ffaf047a000 	C:\WINDOWS\System32\cfgmgr32.dll
0x0000000063db0000 - 0x0000000063dbf000 	C:\Program Files\Java\jdk1.8.0_111\jre\bin\verify.dll
0x0000000063d80000 - 0x0000000063da9000 	C:\Program Files\Java\jdk1.8.0_111\jre\bin\java.dll
0x0000000063d60000 - 0x0000000063d76000 	C:\Program Files\Java\jdk1.8.0_111\jre\bin\zip.dll

VM Arguments:
jvm_args: -Dfile.encoding=UTF-8 
java_command: practica.pkg4.pregunta5
java_class_path (initial): C:\Users\LENOVO-A8\Documents\NetBeansProjects\PRACTICA 4\build\classes
Launcher Type: SUN_STANDARD

Environment Variables:
PATH=C:\ProgramData\Oracle\Java\javapath;C:\WINDOWS\system32;C:\WINDOWS;C:\WINDOWS\System32\Wbem;C:\WINDOWS\System32\WindowsPowerShell\v1.0\;C:\WINDOWS\System32\OpenSSH\;C:\Users\LENOVO-A8\AppData\Local\Microsoft\WindowsApps;;C:\Users\LENOVO-A8\AppData\Local\Programs\Microsoft VS Code\bin
USERNAME=LENOVO-A8
OS=Windows_NT
PROCESSOR_IDENTIFIER=AMD64 Family 22 Model 48 Stepping 1, AuthenticAMD



---------------  S Y S T E M  ---------------

OS: Windows 10.0 , 64 bit Build 18362 (10.0.18362.778)

CPU:total 4 (4 cores per cpu, 1 threads per core) family 22 model 48 stepping 1, cmov, cx8, fxsr, mmx, sse, sse2, sse3, ssse3, sse4.1, sse4.2, popcnt, avx, aes, clmul, mmxext, 3dnowpref, lzcnt, sse4a, tsc, tscinvbit, tscinv, bmi1

Memory: 4k page, physical 7303540k(1213404k free), swap 7303540k(5636k free)

vm_info: Java HotSpot(TM) 64-Bit Server VM (25.111-b14) for windows-amd64 JRE (1.8.0_111-b14), built on Sep 22 2016 19:24:05 by "java_re" with MS VC++ 10.0 (VS2010)

time: Fri May 15 21:18:49 2020
elapsed time: 0 seconds (0d 0h 0m 0s)

